<?xml version="1.0" encoding="UTF-8"?>
<!-- Generated by org.testng.reporters.JUnitXMLReporter -->
<testsuite hostname="Lab-637619272945963825-1" failures="3" tests="11" name="Test" time="482.364" errors="0" timestamp="26 Sep 2021 15:30:19 GMT">
  <testcase classname="com.urbanladder.runner.TestRunner" name="homepageliving" time="19.892">
    <failure type="java.lang.AssertionError" message="expected [false] but found [true]">
      <![CDATA[java.lang.AssertionError: expected [false] but found [true]
	at com.urbanladder.runner.TestRunner.homepageliving(TestRunner.java:47)
... Removed 29 stack frames]]>
    </failure>
  </testcase> <!-- homepageliving -->
  <testcase classname="com.urbanladder.runner.TestRunner" name="SearchBox" time="27.157"/>
  <testcase classname="com.urbanladder.runner.TestRunner" name="Stores" time="37.59"/>
  <testcase classname="com.urbanladder.runner.TestRunner" name="homepagestudy" time="42.0"/>
  <testcase classname="com.urbanladder.runner.TestRunner" name="footerpage" time="26.853"/>
  <testcase classname="com.urbanladder.runner.TestRunner" name="dining" time="54.458">
    <failure type="org.openqa.selenium.ElementNotInteractableException" message="element not interactable
  (Session info: chrome=94.0.4606.61)
Build info: version: &amp;apos;3.141.59&amp;apos;, revision: &amp;apos;e82be7d358&amp;apos;, time: &amp;apos;2018-11-14T08:17:03&amp;apos;
System info: host: &amp;apos;LAB-63761927294&amp;apos;, ip: &amp;apos;172.18.24.187&amp;apos;, os.name: &amp;apos;Windows 10&amp;apos;, os.arch: &amp;apos;amd64&amp;apos;, os.version: &amp;apos;10.0&amp;apos;, java.version: &amp;apos;11.0.11&amp;apos;
Driver info: org.openqa.selenium.chrome.ChromeDriver
Capabilities {acceptInsecureCerts: false, browserName: chrome, browserVersion: 94.0.4606.61, chrome: {chromedriverVersion: 93.0.4577.63 (ff5c0da2ec0ad..., userDataDir: C:\Users\User\AppData\Local...}, goog:chromeOptions: {debuggerAddress: localhost:53965}, javascriptEnabled: true, networkConnectionEnabled: false, pageLoadStrategy: normal, platform: WINDOWS, platformName: WINDOWS, proxy: Proxy(), setWindowRect: true, strictFileInteractability: false, timeouts: {implicit: 0, pageLoad: 300000, script: 30000}, unhandledPromptBehavior: dismiss and notify, webauthn:extension:credBlob: true, webauthn:extension:largeBlob: true, webauthn:virtualAuthenticators: true}
Session ID: fb59ea8dac4e000457a75afc217f9bd0">
      <![CDATA[org.openqa.selenium.ElementNotInteractableException: element not interactable
  (Session info: chrome=94.0.4606.61)
Build info: version: '3.141.59', revision: 'e82be7d358', time: '2018-11-14T08:17:03'
System info: host: 'LAB-63761927294', ip: '172.18.24.187', os.name: 'Windows 10', os.arch: 'amd64', os.version: '10.0', java.version: '11.0.11'
Driver info: org.openqa.selenium.chrome.ChromeDriver
Capabilities {acceptInsecureCerts: false, browserName: chrome, browserVersion: 94.0.4606.61, chrome: {chromedriverVersion: 93.0.4577.63 (ff5c0da2ec0ad..., userDataDir: C:\Users\User\AppData\Local...}, goog:chromeOptions: {debuggerAddress: localhost:53965}, javascriptEnabled: true, networkConnectionEnabled: false, pageLoadStrategy: normal, platform: WINDOWS, platformName: WINDOWS, proxy: Proxy(), setWindowRect: true, strictFileInteractability: false, timeouts: {implicit: 0, pageLoad: 300000, script: 30000}, unhandledPromptBehavior: dismiss and notify, webauthn:extension:credBlob: true, webauthn:extension:largeBlob: true, webauthn:virtualAuthenticators: true}
Session ID: fb59ea8dac4e000457a75afc217f9bd0
	at org.openqa.selenium.remote.http.W3CHttpResponseCodec.createException(W3CHttpResponseCodec.java:187)
	at org.openqa.selenium.remote.http.W3CHttpResponseCodec.decode(W3CHttpResponseCodec.java:122)
	at org.openqa.selenium.remote.http.W3CHttpResponseCodec.decode(W3CHttpResponseCodec.java:49)
	at org.openqa.selenium.remote.HttpCommandExecutor.execute(HttpCommandExecutor.java:158)
	at org.openqa.selenium.remote.service.DriverCommandExecutor.execute(DriverCommandExecutor.java:83)
	at org.openqa.selenium.remote.RemoteWebDriver.execute(RemoteWebDriver.java:552)
	at org.openqa.selenium.remote.RemoteWebElement.execute(RemoteWebElement.java:285)
	at org.openqa.selenium.remote.RemoteWebElement.click(RemoteWebElement.java:84)
	at com.urbanladder.pageobject.HomepageDining.pricehandling(HomepageDining.java:55)
	at com.urbanladder.runner.TestRunner.dining(TestRunner.java:136)
... Removed 28 stack frames]]>
    </failure>
  </testcase> <!-- dining -->
  <testcase classname="com.urbanladder.runner.TestRunner" name="addtocart" time="28.423">
    <failure type="java.util.NoSuchElementException">
      <![CDATA[java.util.NoSuchElementException
	at java.base/java.util.LinkedHashMap$LinkedHashIterator.nextNode(LinkedHashMap.java:721)
	at java.base/java.util.LinkedHashMap$LinkedKeyIterator.next(LinkedHashMap.java:741)
	at com.urbanladder.pageobject.AddtoCart.addtocart(AddtoCart.java:69)
	at com.urbanladder.runner.TestRunner.addtocart(TestRunner.java:151)
... Removed 24 stack frames]]>
    </failure>
  </testcase> <!-- addtocart -->
  <testcase classname="com.urbanladder.runner.TestRunner" name="Recommend" time="59.793"/>
  <testcase classname="com.urbanladder.runner.TestRunner" name="promotions" time="90.971"/>
  <testcase classname="com.urbanladder.runner.TestRunner" name="checkout" time="47.096"/>
  <testcase classname="com.urbanladder.runner.TestRunner" name="checkout" time="44.864"/>
</testsuite> <!-- Test -->
